<?xml version="1.0" encoding="UTF-8"?>
<!-- Generated by org.testng.reporters.JUnitReportReporter -->
<testsuite hostname="DESKTOP-CSHPDLO" name="OrderOfExecution" tests="5" failures="0" timestamp="13 May 2024 10:03:51 GMT" time="0.022" errors="0">
  <testcase name="Method3" time="0.019" classname="OrderOfExecution"/>
  <testcase name="Method1" time="0.001" classname="OrderOfExecution"/>
  <testcase name="Method1" time="0.001" classname="OrderOfExecution"/>
  <testcase name="Method1" time="0.000" classname="OrderOfExecution"/>
  <testcase name="Method2" time="0.001" classname="OrderOfExecution"/>
</testsuite> <!-- OrderOfExecution -->
